\BOOKMARK [0][-]{chapter.1}{Inhalt der Arbeit}{}% 1
\BOOKMARK [1][-]{section.1.1}{Ausgangslage}{chapter.1}% 2
\BOOKMARK [1][-]{section.1.2}{Aufgabenstellung}{chapter.1}% 3
\BOOKMARK [1][-]{section.1.3}{Erwartete Resultat}{chapter.1}% 4
\BOOKMARK [1][-]{section.1.4}{Zielsetzung der Arbeit}{chapter.1}% 5
\BOOKMARK [0][-]{chapter.2}{Analyse}{}% 6
\BOOKMARK [1][-]{section.2.1}{Marktumfeld}{chapter.2}% 7
\BOOKMARK [1][-]{section.2.2}{Benutzergruppen}{chapter.2}% 8
\BOOKMARK [1][-]{section.2.3}{Use Cases}{chapter.2}% 9
\BOOKMARK [1][-]{section.2.4}{Anforderungsanalyse}{chapter.2}% 10
\BOOKMARK [0][-]{chapter.3}{Projektmanagement}{}% 11
\BOOKMARK [1][-]{section.3.1}{Projektablauf}{chapter.3}% 12
\BOOKMARK [1][-]{section.3.2}{User Stories}{chapter.3}% 13
\BOOKMARK [0][-]{chapter.4}{Konzeption}{}% 14
\BOOKMARK [1][-]{section.4.1}{Technologiestack}{chapter.4}% 15
\BOOKMARK [1][-]{section.4.2}{Applikationsdesign}{chapter.4}% 16
\BOOKMARK [1][-]{section.4.3}{DB Design}{chapter.4}% 17
\BOOKMARK [1][-]{section.4.4}{GUI Entwurf}{chapter.4}% 18
\BOOKMARK [0][-]{chapter.5}{Implementation}{}% 19
\BOOKMARK [1][-]{section.5.1}{REST API}{chapter.5}% 20
\BOOKMARK [1][-]{section.5.2}{Web Applikation}{chapter.5}% 21
\BOOKMARK [1][-]{section.5.3}{Android Applikation}{chapter.5}% 22
\BOOKMARK [0][-]{chapter.6}{Test}{}% 23
\BOOKMARK [1][-]{section.6.1}{Unit Tests}{chapter.6}% 24
\BOOKMARK [1][-]{section.6.2}{System Tests}{chapter.6}% 25
\BOOKMARK [1][-]{section.6.3}{User Acceptance Tests}{chapter.6}% 26
\BOOKMARK [0][-]{chapter.7}{Reflektion}{}% 27
